This is XeTeX, Version 3.1415926-2.3-0.9997.5 (MiKTeX 2.9) (preloaded format=xelatex 2013.4.3)  30 OCT 2013 18:05
entering extended mode
**mustLearnBayesian.tex
(F:\GitHub\bayesian00\mustLearnBayesian.tex
LaTeX2e <2011/06/27>
Babel <v3.8m> and hyphenation patterns for loaded.
(D:\CTEX\MiKTeX\tex\latex\base\article.cls
Document Class: article 2007/10/19 v1.4h Standard LaTeX document class
(D:\CTEX\MiKTeX\tex\latex\base\size10.clo
File: size10.clo 2007/10/19 v1.4h Standard LaTeX file (size option)
)
\c@part=\count80
\c@section=\count81
\c@subsection=\count82
\c@subsubsection=\count83
\c@paragraph=\count84
\c@subparagraph=\count85
\c@figure=\count86
\c@table=\count87
\abovecaptionskip=\skip41
\belowcaptionskip=\skip42
\bibindent=\dimen102
)
(D:\CTEX\MiKTeX\tex\latex\graphics\graphicx.sty
Package: graphicx 1999/02/16 v1.0f Enhanced LaTeX Graphics (DPC,SPQR)

(D:\CTEX\MiKTeX\tex\latex\graphics\keyval.sty
Package: keyval 1999/03/16 v1.13 key=value parser (DPC)
\KV@toks@=\toks14
)
(D:\CTEX\MiKTeX\tex\latex\graphics\graphics.sty
Package: graphics 2009/02/05 v1.0o Standard LaTeX Graphics (DPC,SPQR)

(D:\CTEX\MiKTeX\tex\latex\graphics\trig.sty
Package: trig 1999/03/16 v1.09 sin cos tan (DPC)
)
(D:\CTEX\MiKTeX\tex\latex\00miktex\graphics.cfg
File: graphics.cfg 2007/01/18 v1.5 graphics configuration of teTeX/TeXLive
)
Package graphics Info: Driver file: xetex.def on input line 91.

(D:\CTEX\MiKTeX\tex\xelatex\xetex-def\xetex.def
File: xetex.def 2009/11/22 v0.94 LaTeX color/graphics driver for XeTeX (RRM/JK)

))
\Gin@req@height=\dimen103
\Gin@req@width=\dimen104
)
(D:\CTEX\MiKTeX\tex\latex\graphics\color.sty
Package: color 2005/11/14 v1.0j Standard LaTeX Color (DPC)

(D:\CTEX\MiKTeX\tex\latex\00miktex\color.cfg
File: color.cfg 2007/01/18 v1.5 color configuration of teTeX/TeXLive
)
Package color Info: Driver file: xetex.def on input line 130.
)
(D:\CTEX\MiKTeX\tex\latex\framed\framed.sty
Package: framed 2007/10/04 v 0.95: framed or shaded text with page breaks
\fb@frw=\dimen105
\fb@frh=\dimen106
\FrameRule=\dimen107
\FrameSep=\dimen108
)
(D:\CTEX\MiKTeX\tex\latex\base\alltt.sty
Package: alltt 1997/06/16 v2.0g defines alltt environment
)
(D:\CTEX\MiKTeX\tex\latex\ctex\ctex.sty
Package: ctex 2011/03/11 v1.02c ctex macros package

(D:\CTEX\MiKTeX\tex\latex\ctex\opt\ctex-common-opts.def)
(D:\CTEX\CTeX\tex\latex\ctex\cfg\ctexopts.cfg)
(D:\CTEX\MiKTeX\tex\latex\ctex\def\ctex-common.def
(D:\CTEX\MiKTeX\tex\latex\l3kernel\expl3.sty
(D:\CTEX\MiKTeX\tex\latex\l3kernel\l3names.sty
(D:\CTEX\MiKTeX\tex\latex\l3kernel\l3bootstrap.sty
Package: l3bootstrap 2011/12/29 v3110 L3 Experimental bootstrap code
)
Package: l3names 2011/12/30 v3113 L3 Experimental namespace for primitives
)
(D:\CTEX\MiKTeX\tex\latex\misc\etex.sty
Package: etex 1998/03/26 v2.0 eTeX basic definition package (PEB)
\et@xins=\count88
)
Package: expl3 2012/02/26 v3471 L3 Experimental code bundle wrapper

(D:\CTEX\MiKTeX\tex\latex\l3kernel\l3basics.sty
Package: l3basics 2012/02/26 v3460 L3 Experimental basic definitions
)
(D:\CTEX\MiKTeX\tex\latex\l3kernel\l3expan.sty
Package: l3expan 2012/02/26 v3460 L3 Experimental argument expansion
)
(D:\CTEX\MiKTeX\tex\latex\l3kernel\l3tl.sty
Package: l3tl 2012/02/26 v3460 L3 Experimental token lists
)
(D:\CTEX\MiKTeX\tex\latex\l3kernel\l3seq.sty
Package: l3seq 2012/01/09 v3158 L3 Experimental sequences and stacks
)
(D:\CTEX\MiKTeX\tex\latex\l3kernel\l3int.sty
Package: l3int 2012/02/26 v3460 L3 Experimental integers
\c_max_int=\count89
\l_tmpa_int=\count90
\l_tmpb_int=\count91
\l_tmpc_int=\count92
\g_tmpa_int=\count93
\g_tmpb_int=\count94
)
(D:\CTEX\MiKTeX\tex\latex\l3kernel\l3quark.sty
Package: l3quark 2012/02/12 v3384 L3 Experimental quarks
)
(D:\CTEX\MiKTeX\tex\latex\l3kernel\l3prg.sty
Package: l3prg 2012/02/26 v3464 L3 Experimental control structures
\g_prg_map_int=\count95
)
(D:\CTEX\MiKTeX\tex\latex\l3kernel\l3clist.sty
Package: l3clist 2012/02/26 v3460 L3 Experimental comma separated lists
)
(D:\CTEX\MiKTeX\tex\latex\l3kernel\l3token.sty
Package: l3token 2012/02/26 v3460 L3 Experimental token manipulation
)
(D:\CTEX\MiKTeX\tex\latex\l3kernel\l3prop.sty
Package: l3prop 2012/02/26 v3460 L3 Experimental property lists
)
(D:\CTEX\MiKTeX\tex\latex\l3kernel\l3msg.sty
Package: l3msg 2012/02/26 v3470 L3 Experimental messages
)
(D:\CTEX\MiKTeX\tex\latex\l3kernel\l3file.sty
Package: l3file 2012/02/26 v3464 L3 Experimental file and I/O operations
\l_iow_stream_int=\count96
\l_iow_line_length_int=\count97
\l_iow_target_length_int=\count98
\l_iow_current_line_int=\count99
\l_iow_current_word_int=\count100
\l_iow_current_indentation_int=\count101
)
(D:\CTEX\MiKTeX\tex\latex\l3kernel\l3skip.sty
Package: l3skip 2012/02/26 v3460 L3 Experimental dimensions and skips
\l_tmpa_dim=\dimen109
\l_tmpb_dim=\dimen110
\l_tmpc_dim=\dimen111
\g_tmpa_dim=\dimen112
\g_tmpb_dim=\dimen113
\l_tmpa_skip=\skip43
\l_tmpb_skip=\skip44
\l_tmpc_skip=\skip45
\g_tmpa_skip=\skip46
\g_tmpb_skip=\skip47
)
(D:\CTEX\MiKTeX\tex\latex\l3kernel\l3keys.sty
Package: l3keys 2011/12/22 v3086 L3 Experimental key-value interfaces
\g_keyval_level_int=\count102
\l_keys_choice_int=\count103
)
(D:\CTEX\MiKTeX\tex\latex\l3kernel\l3fp.sty
Package: l3fp 2012/02/06 v3315 L3 Experimental floating-point operations
\c_one_hundred_million=\count104
\c_five_hundred_million=\count105
\c_one_thousand_million=\count106
\c_fp_pi_by_four_decimal_int=\count107
\c_fp_pi_by_four_extended_int=\count108
\c_fp_pi_decimal_int=\count109
\c_fp_pi_extended_int=\count110
\c_fp_two_pi_decimal_int=\count111
\c_fp_two_pi_extended_int=\count112
\l_fp_count_int=\count113
\l_fp_div_offset_int=\count114
\l_fp_exp_integer_int=\count115
\l_fp_exp_decimal_int=\count116
\l_fp_exp_extended_int=\count117
\l_fp_exp_exponent_int=\count118
\l_fp_input_a_sign_int=\count119
\l_fp_input_a_integer_int=\count120
\l_fp_input_a_decimal_int=\count121
\l_fp_input_a_exponent_int=\count122
\l_fp_input_b_sign_int=\count123
\l_fp_input_b_integer_int=\count124
\l_fp_input_b_decimal_int=\count125
\l_fp_input_b_exponent_int=\count126
\l_fp_input_a_extended_int=\count127
\l_fp_input_b_extended_int=\count128
\l_fp_mul_a_i_int=\count129
\l_fp_mul_a_ii_int=\count130
\l_fp_mul_a_iii_int=\count131
\l_fp_mul_a_iv_int=\count132
\l_fp_mul_a_v_int=\count133
\l_fp_mul_a_vi_int=\count134
\l_fp_mul_b_i_int=\count135
\l_fp_mul_b_ii_int=\count136
\l_fp_mul_b_iii_int=\count137
\l_fp_mul_b_iv_int=\count138
\l_fp_mul_b_v_int=\count139
\l_fp_mul_b_vi_int=\count140
\l_fp_mul_output_int=\count141
\l_fp_output_sign_int=\count142
\l_fp_output_integer_int=\count143
\l_fp_output_decimal_int=\count144
\l_fp_output_exponent_int=\count145
\l_fp_output_extended_int=\count146
\l_fp_round_position_int=\count147
\l_fp_round_target_int=\count148
\l_fp_split_sign_int=\count149
\l_fp_internal_int=\count150
\l_fp_trig_octant_int=\count151
\l_fp_trig_sign_int=\count152
\l_fp_trig_decimal_int=\count153
\l_fp_trig_extended_int=\count154
\l_fp_internal_dim=\dimen114
\l_fp_internal_skip=\skip48
)
(D:\CTEX\MiKTeX\tex\latex\l3kernel\l3box.sty
Package: l3box 2012/02/18 v3432 L3 Experimental boxes
\l_tmpb_box=\box26
\l_box_top_dim=\dimen115
\l_box_bottom_dim=\dimen116
\l_box_left_dim=\dimen117
\l_box_right_dim=\dimen118
\l_box_top_new_dim=\dimen119
\l_box_bottom_new_dim=\dimen120
\l_box_left_new_dim=\dimen121
\l_box_right_new_dim=\dimen122
\l_box_internal_box=\box27
)
(D:\CTEX\MiKTeX\tex\latex\l3kernel\l3coffins.sty
Package: l3coffins 2012/02/26 v3460 L3 Experimental coffin code layer
\l_coffin_internal_box=\box28
\l_coffin_internal_dim=\dimen123
\l_coffin_offset_x_dim=\dimen124
\l_coffin_offset_y_dim=\dimen125
\l_coffin_x_dim=\dimen126
\l_coffin_y_dim=\dimen127
\l_coffin_x_prime_dim=\dimen128
\l_coffin_y_prime_dim=\dimen129
\l_coffin_Depth_dim=\dimen130
\l_coffin_Height_dim=\dimen131
\l_coffin_TotalHeight_dim=\dimen132
\l_coffin_Width_dim=\dimen133
\c_empty_coffin=\box29
\l_coffin_aligned_coffin=\box30
\l_coffin_aligned_internal_coffin=\box31
\l_coffin_bounding_shift_dim=\dimen134
\l_coffin_left_corner_dim=\dimen135
\l_coffin_right_corner_dim=\dimen136
\l_coffin_bottom_corner_dim=\dimen137
\l_coffin_top_corner_dim=\dimen138
\l_coffin_scaled_total_height_dim=\dimen139
\l_coffin_scaled_width_dim=\dimen140
\l_coffin_display_coffin=\box32
\l_coffin_display_coord_coffin=\box33
\l_coffin_display_pole_coffin=\box34
\l_coffin_display_offset_dim=\dimen141
\l_coffin_display_x_dim=\dimen142
\l_coffin_display_y_dim=\dimen143
)
(D:\CTEX\MiKTeX\tex\latex\l3kernel\l3color.sty
Package: l3color 2011/09/07 v2776 L3 Experimental colour support
)
(D:\CTEX\MiKTeX\tex\latex\l3kernel\l3luatex.sty
Package: l3luatex 2012/02/09 v3355 L3 Experimental LuaTeX-specific functions
\g_cctab_allocate_int=\count155
\g_cctab_stack_int=\count156
))
(D:\CTEX\MiKTeX\tex\latex\etoolbox\etoolbox.sty
Package: etoolbox 2011/01/03 v2.1 e-TeX tools for LaTeX
\etb@tempcnta=\count157
)
(D:\CTEX\MiKTeX\tex\generic\oberdiek\ifpdf.sty
Package: ifpdf 2011/01/30 v2.3 Provides the ifpdf switch (HO)
Package ifpdf Info: pdfTeX in PDF mode is not detected.
)
(D:\CTEX\MiKTeX\tex\generic\ifxetex\ifxetex.sty
Package: ifxetex 2010/09/12 v0.6 Provides ifxetex conditional
)
(D:\CTEX\MiKTeX\tex\latex\tools\indentfirst.sty
Package: indentfirst 1995/11/23 v1.03 Indent first paragraph (DPC)
)
(D:\CTEX\MiKTeX\tex\latex\base\fix-cm.sty
Package: fix-cm 2006/09/13 v1.1m fixes to LaTeX

(D:\CTEX\MiKTeX\tex\latex\base\ts1enc.def
File: ts1enc.def 2001/06/05 v3.0e (jk/car/fm) Standard LaTeX file
))
(D:\CTEX\MiKTeX\tex\latex\ctex\engine\ctex-xecjk-engine.def
(D:\CTEX\MiKTeX\tex\latex\savesym\savesym.sty

LaTeX Warning: You have requested package `savesym',
               but the package provides `savesymbol'.

Package: savesymbol 2003/06/01 v1.1 Saves and restores symbols
) (D:\CTEX\MiKTeX\tex\xelatex\xecjk\xeCJK.sty
Package: xeCJK 2012/01/31 2.4.5 package for typesetting CJK scripts with XeLaTe
X

(D:\CTEX\MiKTeX\tex\latex\xkeyval\xkeyval.sty
Package: xkeyval 2008/08/13 v2.6a package option processing (HA)

(D:\CTEX\MiKTeX\tex\generic\xkeyval\xkeyval.tex
\XKV@toks=\toks15
\XKV@tempa@toks=\toks16
\XKV@depth=\count158
File: xkeyval.tex 2008/08/13 v2.6a key=value parser (HA)
))
(D:\CTEX\MiKTeX\tex\latex\fontspec\fontspec.sty
Package: fontspec 2011/09/18 v2.2a Advanced font selection for XeLaTeX/LuaLaTeX


(D:\CTEX\MiKTeX\tex\latex\l3packages\xparse\xparse.sty
Package: xparse 2012/02/26 v3471 L3 Experimental document command parser
\l_xparse_current_arg_int=\count159
\l_xparse_m_args_int=\count160
\l_xparse_mandatory_args_int=\count161
\l_xparse_processor_int=\count162
\l_xparse_v_nesting_int=\count163
)
\l_fontspec_script_int=\count164
\l_fontspec_language_int=\count165
\l_fontspec_strnum_int=\count166
\l_fontspec_tmpa_dim=\dimen144
\l_fontspec_tmpb_dim=\dimen145
\l_fontspec_tmpc_dim=\dimen146
Variant \tl_gset:cV already defined; not changing it on line 66

(D:\CTEX\MiKTeX\tex\latex\fontspec\fontspec-patches.sty
Package: fontspec-patches 2011/09/18 v2.2a Advanced font selection for XeLaTeX/
LuaLaTeX

(D:\CTEX\MiKTeX\tex\latex\base\fixltx2e.sty
Package: fixltx2e 2006/09/13 v1.1m fixes to LaTeX
LaTeX Info: Redefining \em on input line 420.
)
LaTeX Info: Redefining \em on input line 22.
LaTeX Info: Redefining \emph on input line 29.
LaTeX Info: Redefining \- on input line 32.

*************************************************
* LaTeX warning: "xparse/redefine-command"
* 
* Redefining document command \oldstylenums with arg. spec. 'm' on line 107.
*************************************************
.................................................
. LaTeX info: "xparse/define-command"
. 
. Defining document command \liningnums with arg. spec. 'm' on line 111.
.................................................
) (D:\CTEX\MiKTeX\tex\latex\fontspec\fontspec-xetex.sty
Package: fontspec-xetex 2011/09/18 v2.2a Advanced font selection for XeLaTeX/Lu
aLaTeX

(D:\CTEX\MiKTeX\tex\latex\base\fontenc.sty
Package: fontenc 2005/09/27 v1.99g Standard LaTeX package

(D:\CTEX\MiKTeX\tex\latex\euenc\eu1enc.def
File: eu1enc.def 2010/05/27 v0.1h Experimental Unicode font encodings
)
LaTeX Font Info:    Try loading font information for EU1+lmr on input line 100.


(D:\CTEX\MiKTeX\tex\latex\euenc\eu1lmr.fd
File: eu1lmr.fd 2009/10/30 v1.6 Font defs for Latin Modern
))
(D:\CTEX\MiKTeX\tex\xelatex\xunicode\xunicode.sty
File: xunicode.sty 2011/09/09 v0.981 provides access to latin accents and many 
other characters in Unicode lower plane

(D:\CTEX\MiKTeX\tex\latex\tipa\t3enc.def
File: t3enc.def 2001/12/31 T3 encoding
LaTeX Font Info:    Try loading font information for EU1+lmss on input line 357
.

(D:\CTEX\MiKTeX\tex\latex\euenc\eu1lmss.fd
File: eu1lmss.fd 2009/10/30 v1.6 Font defs for Latin Modern
))
\tipaTiiicode=\count167
\tipasavetokens=\toks17
\tipachecktokens=\toks18
)
.................................................
. LaTeX info: "xparse/define-command"
. 
. Defining document command \fontspec with arg. spec. 'O{}m' on line 39.
.................................................
.................................................
. LaTeX info: "xparse/define-command"
. 
. Defining document command \setmainfont with arg. spec. 'O{}m' on line 43.
.................................................
.................................................
. LaTeX info: "xparse/define-command"
. 
. Defining document command \setsansfont with arg. spec. 'O{}m' on line 47.
.................................................
.................................................
. LaTeX info: "xparse/define-command"
. 
. Defining document command \setmonofont with arg. spec. 'O{}m' on line 51.
.................................................
.................................................
. LaTeX info: "xparse/define-command"
. 
. Defining document command \setmathrm with arg. spec. 'O{}m' on line 59.
.................................................
.................................................
. LaTeX info: "xparse/define-command"
. 
. Defining document command \setboldmathrm with arg. spec. 'O{}m' on line 62.
.................................................
.................................................
. LaTeX info: "xparse/define-command"
. 
. Defining document command \setmathsf with arg. spec. 'O{}m' on line 65.
.................................................
.................................................
. LaTeX info: "xparse/define-command"
. 
. Defining document command \setmathtt with arg. spec. 'O{}m' on line 68.
.................................................
.................................................
. LaTeX info: "xparse/define-command"
. 
. Defining document command \newfontfamily with arg. spec. 'mO{}m' on line 84.
.................................................
.................................................
. LaTeX info: "xparse/define-command"
. 
. Defining document command \newfontface with arg. spec. 'mO{}m' on line 87.
.................................................
.................................................
. LaTeX info: "xparse/define-command"
. 
. Defining document command \defaultfontfeatures with arg. spec. 'm' on line
. 91.
.................................................
.................................................
. LaTeX info: "xparse/define-command"
. 
. Defining document command \addfontfeatures with arg. spec. 'm' on line 107.
.................................................
.................................................
. LaTeX info: "xparse/define-command"
. 
. Defining document command \newfontfeature with arg. spec. 'mm' on line 118.
.................................................
.................................................
. LaTeX info: "xparse/define-command"
. 
. Defining document command \newAATfeature with arg. spec. 'mmmm' on line 125.
.................................................
.................................................
. LaTeX info: "xparse/define-command"
. 
. Defining document command \newICUfeature with arg. spec. 'mmm' on line 132.
.................................................
.................................................
. LaTeX info: "xparse/define-command"
. 
. Defining document command \aliasfontfeature with arg. spec. 'mm' on line
. 159.
.................................................
.................................................
. LaTeX info: "xparse/define-command"
. 
. Defining document command \aliasfontfeatureoption with arg. spec. 'mmm' on
. line 164.
.................................................
.................................................
. LaTeX info: "xparse/define-command"
. 
. Defining document command \newfontscript with arg. spec. 'mm' on line 169.
.................................................
.................................................
. LaTeX info: "xparse/define-command"
. 
. Defining document command \newfontlanguage with arg. spec. 'mm' on line 192.
.................................................
.................................................
. LaTeX info: "xparse/define-command"
. 
. Defining document command \DeclareFontsExtensions with arg. spec. 'm' on
. line 211.
.................................................
Variant \prop_gput:cnV already defined; not changing it on line 485
Variant \prop_gput:cnx already defined; not changing it on line 486
Variant \keys_set:nx already defined; not changing it on line 963
\c@fontspec_tmp_int=\count168
LaTeX Info: Redefining \itshape on input line 1881.
LaTeX Info: Redefining \slshape on input line 1885.
LaTeX Info: Redefining \scshape on input line 1889.
LaTeX Info: Redefining \upshape on input line 1893.

(D:\CTEX\MiKTeX\tex\latex\fontspec\fontspec.cfg)))
\xeCJK@cnta=\count169
\xeCJK@cntb=\count170
\xeCJK@cntc=\count171
\xeCJK@cntd=\count172
\xeCJK@cnte=\count173
\xeCJK@dima=\dimen147
LaTeX Info: Redefining \normalfont on input line 886.
LaTeX Info: Redefining \rmfamily on input line 895.
LaTeX Info: Redefining \sffamily on input line 899.
LaTeX Info: Redefining \ttfamily on input line 903.
\xeCJK@featureadded=\count174
\g_xecjk_exspace_dim=\dimen148
)
(D:\CTEX\MiKTeX\tex\latex\ctex\engine\ctex-cjk-common.def
\ccwd=\dimen149
)
(D:\CTEX\MiKTeX\tex\latex\ctex\fontset\ctex-xecjk-winfonts.def))
\CTEX@q=\count175
\CTEX@r=\count176
))
(D:\CTEX\MiKTeX\tex\latex\ctex\def\ctex-utf8.def)
(D:\CTEX\MiKTeX\tex\latex\ctex\cfg\ctex.cfg)
(D:\CTEX\MiKTeX\tex\latex\upquote\upquote.sty
Package: upquote 2003/08/11 v1.1 Covington's upright-quote modification to verb
atim and verb

(D:\CTEX\MiKTeX\tex\latex\base\textcomp.sty
Package: textcomp 2005/09/27 v1.99g Standard LaTeX package
Package textcomp Info: Sub-encoding information:
(textcomp)               5 = only ISO-Adobe without \textcurrency
(textcomp)               4 = 5 + \texteuro
(textcomp)               3 = 4 + \textohm
(textcomp)               2 = 3 + \textestimated + \textcurrency
(textcomp)               1 = TS1 - \textcircled - \t
(textcomp)               0 = TS1 (full)
(textcomp)             Font families with sub-encoding setting implement
(textcomp)             only a restricted character set as indicated.
(textcomp)             Family '?' is the default used for unknown fonts.
(textcomp)             See the documentation for details.
Package textcomp Info: Setting ? sub-encoding to TS1/1 on input line 71.

(D:\CTEX\MiKTeX\tex\latex\base\ts1enc.def
File: ts1enc.def 2001/06/05 v3.0e (jk/car/fm) Standard LaTeX file
LaTeX Font Info:    Redeclaring font encoding TS1 on input line 42.
)
LaTeX Info: Redefining \oldstylenums on input line 266.
Package textcomp Info: Setting cmr sub-encoding to TS1/0 on input line 281.
Package textcomp Info: Setting cmss sub-encoding to TS1/0 on input line 282.
Package textcomp Info: Setting cmtt sub-encoding to TS1/0 on input line 283.
Package textcomp Info: Setting cmvtt sub-encoding to TS1/0 on input line 284.
Package textcomp Info: Setting cmbr sub-encoding to TS1/0 on input line 285.
Package textcomp Info: Setting cmtl sub-encoding to TS1/0 on input line 286.
Package textcomp Info: Setting ccr sub-encoding to TS1/0 on input line 287.
Package textcomp Info: Setting ptm sub-encoding to TS1/4 on input line 288.
Package textcomp Info: Setting pcr sub-encoding to TS1/4 on input line 289.
Package textcomp Info: Setting phv sub-encoding to TS1/4 on input line 290.
Package textcomp Info: Setting ppl sub-encoding to TS1/3 on input line 291.
Package textcomp Info: Setting pag sub-encoding to TS1/4 on input line 292.
Package textcomp Info: Setting pbk sub-encoding to TS1/4 on input line 293.
Package textcomp Info: Setting pnc sub-encoding to TS1/4 on input line 294.
Package textcomp Info: Setting pzc sub-encoding to TS1/4 on input line 295.
Package textcomp Info: Setting bch sub-encoding to TS1/4 on input line 296.
Package textcomp Info: Setting put sub-encoding to TS1/5 on input line 297.
Package textcomp Info: Setting uag sub-encoding to TS1/5 on input line 298.
Package textcomp Info: Setting ugq sub-encoding to TS1/5 on input line 299.
Package textcomp Info: Setting ul8 sub-encoding to TS1/4 on input line 300.
Package textcomp Info: Setting ul9 sub-encoding to TS1/4 on input line 301.
Package textcomp Info: Setting augie sub-encoding to TS1/5 on input line 302.
Package textcomp Info: Setting dayrom sub-encoding to TS1/3 on input line 303.
Package textcomp Info: Setting dayroms sub-encoding to TS1/3 on input line 304.

Package textcomp Info: Setting pxr sub-encoding to TS1/0 on input line 305.
Package textcomp Info: Setting pxss sub-encoding to TS1/0 on input line 306.
Package textcomp Info: Setting pxtt sub-encoding to TS1/0 on input line 307.
Package textcomp Info: Setting txr sub-encoding to TS1/0 on input line 308.
Package textcomp Info: Setting txss sub-encoding to TS1/0 on input line 309.
Package textcomp Info: Setting txtt sub-encoding to TS1/0 on input line 310.
Package textcomp Info: Setting lmr sub-encoding to TS1/0 on input line 311.
Package textcomp Info: Setting lmdh sub-encoding to TS1/0 on input line 312.
Package textcomp Info: Setting lmss sub-encoding to TS1/0 on input line 313.
Package textcomp Info: Setting lmssq sub-encoding to TS1/0 on input line 314.
Package textcomp Info: Setting lmvtt sub-encoding to TS1/0 on input line 315.
Package textcomp Info: Setting qhv sub-encoding to TS1/0 on input line 316.
Package textcomp Info: Setting qag sub-encoding to TS1/0 on input line 317.
Package textcomp Info: Setting qbk sub-encoding to TS1/0 on input line 318.
Package textcomp Info: Setting qcr sub-encoding to TS1/0 on input line 319.
Package textcomp Info: Setting qcs sub-encoding to TS1/0 on input line 320.
Package textcomp Info: Setting qpl sub-encoding to TS1/0 on input line 321.
Package textcomp Info: Setting qtm sub-encoding to TS1/0 on input line 322.
Package textcomp Info: Setting qzc sub-encoding to TS1/0 on input line 323.
Package textcomp Info: Setting qhvc sub-encoding to TS1/0 on input line 324.
Package textcomp Info: Setting futs sub-encoding to TS1/4 on input line 325.
Package textcomp Info: Setting futx sub-encoding to TS1/4 on input line 326.
Package textcomp Info: Setting futj sub-encoding to TS1/4 on input line 327.
Package textcomp Info: Setting hlh sub-encoding to TS1/3 on input line 328.
Package textcomp Info: Setting hls sub-encoding to TS1/3 on input line 329.
Package textcomp Info: Setting hlst sub-encoding to TS1/3 on input line 330.
Package textcomp Info: Setting hlct sub-encoding to TS1/5 on input line 331.
Package textcomp Info: Setting hlx sub-encoding to TS1/5 on input line 332.
Package textcomp Info: Setting hlce sub-encoding to TS1/5 on input line 333.
Package textcomp Info: Setting hlcn sub-encoding to TS1/5 on input line 334.
Package textcomp Info: Setting hlcw sub-encoding to TS1/5 on input line 335.
Package textcomp Info: Setting hlcf sub-encoding to TS1/5 on input line 336.
Package textcomp Info: Setting pplx sub-encoding to TS1/3 on input line 337.
Package textcomp Info: Setting pplj sub-encoding to TS1/3 on input line 338.
Package textcomp Info: Setting ptmx sub-encoding to TS1/4 on input line 339.
Package textcomp Info: Setting ptmj sub-encoding to TS1/4 on input line 340.
))
(F:\GitHub\bayesian00\mustLearnBayesian.aux)
LaTeX Font Info:    Checking defaults for OML/cmm/m/it on input line 53.
LaTeX Font Info:    ... okay on input line 53.
LaTeX Font Info:    Checking defaults for T1/cmr/m/n on input line 53.
LaTeX Font Info:    ... okay on input line 53.
LaTeX Font Info:    Checking defaults for OT1/cmr/m/n on input line 53.
LaTeX Font Info:    ... okay on input line 53.
LaTeX Font Info:    Checking defaults for OMS/cmsy/m/n on input line 53.
LaTeX Font Info:    ... okay on input line 53.
LaTeX Font Info:    Checking defaults for OMX/cmex/m/n on input line 53.
LaTeX Font Info:    ... okay on input line 53.
LaTeX Font Info:    Checking defaults for U/cmr/m/n on input line 53.
LaTeX Font Info:    ... okay on input line 53.
LaTeX Font Info:    Checking defaults for TS1/cmr/m/n on input line 53.
LaTeX Font Info:    ... okay on input line 53.
LaTeX Font Info:    Checking defaults for EU1/lmr/m/n on input line 53.
LaTeX Font Info:    ... okay on input line 53.
LaTeX Font Info:    Checking defaults for T3/cmr/m/n on input line 53.
LaTeX Font Info:    Try loading font information for T3+cmr on input line 53.

(D:\CTEX\MiKTeX\tex\latex\tipa\t3cmr.fd
File: t3cmr.fd 2001/12/31 TIPA font definitions
)
LaTeX Font Info:    ... okay on input line 53.
.................................................
. fontspec info: "setup-math"
. 
. Adjusting the maths setup (use [no-math] to avoid this).
.................................................
\symlegacymaths=\mathgroup4
LaTeX Font Info:    Overwriting symbol font `legacymaths' in version `bold'
(Font)                  OT1/cmr/m/n --> OT1/cmr/bx/n on input line 53.
LaTeX Font Info:    Redeclaring math accent \acute on input line 53.
LaTeX Font Info:    Redeclaring math accent \grave on input line 53.
LaTeX Font Info:    Redeclaring math accent \ddot on input line 53.
LaTeX Font Info:    Redeclaring math accent \tilde on input line 53.
LaTeX Font Info:    Redeclaring math accent \bar on input line 53.
LaTeX Font Info:    Redeclaring math accent \breve on input line 53.
LaTeX Font Info:    Redeclaring math accent \check on input line 53.
LaTeX Font Info:    Redeclaring math accent \hat on input line 53.
LaTeX Font Info:    Redeclaring math accent \dot on input line 53.
LaTeX Font Info:    Redeclaring math accent \mathring on input line 53.
LaTeX Font Info:    Redeclaring math symbol \colon on input line 53.
LaTeX Font Info:    Redeclaring math symbol \Gamma on input line 53.
LaTeX Font Info:    Redeclaring math symbol \Delta on input line 53.
LaTeX Font Info:    Redeclaring math symbol \Theta on input line 53.
LaTeX Font Info:    Redeclaring math symbol \Lambda on input line 53.
LaTeX Font Info:    Redeclaring math symbol \Xi on input line 53.
LaTeX Font Info:    Redeclaring math symbol \Pi on input line 53.
LaTeX Font Info:    Redeclaring math symbol \Sigma on input line 53.
LaTeX Font Info:    Redeclaring math symbol \Upsilon on input line 53.
LaTeX Font Info:    Redeclaring math symbol \Phi on input line 53.
LaTeX Font Info:    Redeclaring math symbol \Psi on input line 53.
LaTeX Font Info:    Redeclaring math symbol \Omega on input line 53.
LaTeX Font Info:    Redeclaring math symbol \mathdollar on input line 53.
LaTeX Font Info:    Redeclaring symbol font `operators' on input line 53.
LaTeX Font Info:    Encoding `OT1' has changed to `EU1' for symbol font
(Font)              `operators' in the math version `normal' on input line 53.
LaTeX Font Info:    Overwriting symbol font `operators' in version `normal'
(Font)                  OT1/cmr/m/n --> EU1/lmr/m/n on input line 53.
LaTeX Font Info:    Encoding `OT1' has changed to `EU1' for symbol font
(Font)              `operators' in the math version `bold' on input line 53.
LaTeX Font Info:    Overwriting symbol font `operators' in version `bold'
(Font)                  OT1/cmr/bx/n --> EU1/lmr/m/n on input line 53.
LaTeX Font Info:    Overwriting symbol font `operators' in version `normal'
(Font)                  EU1/lmr/m/n --> EU1/lmr/m/n on input line 53.
LaTeX Font Info:    Overwriting math alphabet `\mathrm' in version `normal'
(Font)                  EU1/lmr/m/n --> EU1/lmr/m/n on input line 53.
LaTeX Font Info:    Overwriting math alphabet `\mathit' in version `normal'
(Font)                  OT1/cmr/m/it --> EU1/lmr/m/it on input line 53.
LaTeX Font Info:    Overwriting math alphabet `\mathbf' in version `normal'
(Font)                  OT1/cmr/bx/n --> EU1/lmr/bx/n on input line 53.
LaTeX Font Info:    Overwriting math alphabet `\mathsf' in version `normal'
(Font)                  OT1/cmss/m/n --> EU1/lmss/m/n on input line 53.
LaTeX Font Info:    Overwriting math alphabet `\mathtt' in version `normal'
(Font)                  OT1/cmtt/m/n --> EU1/lmtt/m/n on input line 53.
LaTeX Font Info:    Overwriting symbol font `operators' in version `bold'
(Font)                  EU1/lmr/m/n --> EU1/lmr/bx/n on input line 53.
LaTeX Font Info:    Overwriting math alphabet `\mathrm' in version `bold'
(Font)                  EU1/lmr/m/n --> EU1/lmr/bx/n on input line 53.
LaTeX Font Info:    Overwriting math alphabet `\mathit' in version `bold'
(Font)                  OT1/cmr/bx/it --> EU1/lmr/bx/it on input line 53.
LaTeX Font Info:    Overwriting math alphabet `\mathsf' in version `bold'
(Font)                  OT1/cmss/bx/n --> EU1/lmss/bx/n on input line 53.
LaTeX Font Info:    Overwriting math alphabet `\mathtt' in version `bold'
(Font)                  OT1/cmtt/m/n --> EU1/lmtt/bx/n on input line 53.
.................................................
. fontspec info: "no-scripts"
. 
. Font SimSun does not contain any OpenType `Script' information.
.................................................
\g_fontspec_family_SimSun_int=\count177
.................................................
. fontspec info: "no-font-shape"
. 
. Could not resolve font SimHei/I (it probably doesn't exist).
.................................................
.................................................
. fontspec info: "defining-font"
. 
. Font family 'SimSun(0)' created for font 'SimSun' with options
. [Ligatures=TeX,BoldFont={SimHei},ItalicFont={[SIMKAI.TTF]}].
. 
. This font family consists of the following shapes:
. 
. * 'normal' with NFSS spec.:
. <->"SimSun/ICU:mapping=tex-text;"
. 
. * 'bold' with NFSS spec.:
. <->"SimHei/ICU:mapping=tex-text;"
. 
. * 'italic' with NFSS spec.:
. <->"[SIMKAI.TTF]/ICU:mapping=tex-text;"
.................................................
Package color Info: Redefining color shadecolor on input line 61.
LaTeX Font Info:    Try loading font information for EU1+lmtt on input line 62.


(D:\CTEX\MiKTeX\tex\latex\euenc\eu1lmtt.fd
File: eu1lmtt.fd 2009/10/30 v1.6 Font defs for Latin Modern
)
Overfull \hbox (13.89pt too wide) in paragraph at lines 63--63
[][]\EU1/lmtt/m/it/10 # Simple normal mean model in LaplacesDemon Generate two 
samples of body[][] 
 []

LaTeX Font Info:    Font shape `EU1/lmtt/bx/n' in size <10> not available
(Font)              Font shape `EU1/lmtt/b/n' tried instead on input line 65.
File: figure/unnamed-chunk-11.pdf Graphic file (type QTm)
<use  "figure/unnamed-chunk-11.pdf" >
Overfull \hbox (20.0pt too wide) in paragraph at lines 70--71
[][] 
 []

[1

]
File: figure/unnamed-chunk-12.pdf Graphic file (type QTm)
 <use  "figure/unnamed-chunk-12.pdf" >
Overfull \hbox (20.0pt too wide) in paragraph at lines 75--76
[][] 
 []

[2]
Package color Info: Redefining color shadecolor on input line 120.

Overfull \hbox (3.25pt too wide) in paragraph at lines 122--122
[][]\EU1/lmtt/b/n/10 plot[][]\EU1/lmtt/m/n/10 ([][]x[] []=[] []-[][]10[][]:[][]
10[][],[] []y[] []=[] []\EU1/lmtt/b/n/10 dnorm[][]\EU1/lmtt/m/n/10 ([][]-[][]10
[][]:[][]10[][],[] []mean[] []=[] []0[][],[] []sd[] []=[] []1[][]),[] []ylab[] 
[]=[] []"Density"[][])[][] 
 []

File: figure/unnamed-chunk-21.pdf Graphic file (type QTm)
<use  "figure/unnamed-chunk-21.pdf" >
Overfull \hbox (20.0pt too wide) in paragraph at lines 125--126
[][] 
 []

[3]
Overfull \hbox (3.25pt too wide) in paragraph at lines 127--127
[][]\EU1/lmtt/b/n/10 plot[][]\EU1/lmtt/m/n/10 ([][]x[] []=[] []-[][]10[][]:[][]
10[][],[] []y[] []=[] []\EU1/lmtt/b/n/10 dnorm[][]\EU1/lmtt/m/n/10 ([][]-[][]10
[][]:[][]10[][],[] []mean[] []=[] []8[][],[] []sd[] []=[] []1[][]),[] []ylab[] 
[]=[] []"Density"[][])[][] 
 []

File: figure/unnamed-chunk-22.pdf Graphic file (type QTm)
<use  "figure/unnamed-chunk-22.pdf" >
Overfull \hbox (20.0pt too wide) in paragraph at lines 130--131
[][] 
 []

[4]
File: figure/unnamed-chunk-23.pdf Graphic file (type QTm)
 <use  "figure/unnamed-chunk-23.pdf" >
Overfull \hbox (20.0pt too wide) in paragraph at lines 148--149
[][] 
 []

[5]
Package color Info: Redefining color shadecolor on input line 157.

Overfull \hbox (78.5pt too wide) in paragraph at lines 162--162
[]    []\EU1/lmtt/m/n/10 la00[] []<-[] []\EU1/lmtt/b/n/10 sapply[][]\EU1/lmtt/m
/n/10 (mu,[] []\EU1/lmtt/b/n/10 function[][]\EU1/lmtt/m/n/10 ([][]xx[][])[] []\
EU1/lmtt/b/n/10 sum[][]\EU1/lmtt/m/n/10 ([][]\EU1/lmtt/b/n/10 dnorm[][]\EU1/lmt
t/m/n/10 (y1000, xx, population.sd,[] []log[] []=[] []TRUE[][])))[][] 
 []


Overfull \hbox (73.25pt too wide) in paragraph at lines 165--165
[]    []\EU1/lmtt/m/n/10 d01[] []<-[] []\EU1/lmtt/b/n/10 sapply[][]\EU1/lmtt/m/
n/10 (population.sd,[] []\EU1/lmtt/b/n/10 function[][]\EU1/lmtt/m/n/10 ([][]xx[
][])[] []\EU1/lmtt/b/n/10 sum[][]\EU1/lmtt/m/n/10 ([][]\EU1/lmtt/b/n/10 dnorm[]
[]\EU1/lmtt/m/n/10 (y1000, mu, xx,[] []log[] []=[] []TRUE[][])))[][] 
 []

[6]
File: figure/unnamed-chunk-31.pdf Graphic file (type QTm)
 <use  "figure/unnamed-chunk-31.pdf" >
Overfull \hbox (20.0pt too wide) in paragraph at lines 179--180
[][] 
 []

File: figure/unnamed-chunk-32.pdf Graphic file (type QTm)
<use  "figure/unnamed-chunk-32.pdf" >
Overfull \hbox (20.0pt too wide) in paragraph at lines 184--185
[][] 
 []

[7]
Package color Info: Redefining color shadecolor on input line 193.

Overfull \hbox (52.25pt too wide) in paragraph at lines 215--215
[]    []\EU1/lmtt/m/n/10 Modelout[] []<-[] []\EU1/lmtt/b/n/10 list[][]\EU1/lmtt
/m/n/10 ([][]LP[] []= LP,[] []Dev[] []=[] []-[][]2[] []*[] []LL,[] []Monitor[] 
[]=[] []\EU1/lmtt/b/n/10 c[][]\EU1/lmtt/m/n/10 (LP),[] []yhat[] []=[] []\EU1/lm
tt/b/n/10 rnorm[][]\EU1/lmtt/m/n/10 (Data[][]$[][]N,[][] 
 []


Overfull \hbox (110.0pt too wide) in paragraph at lines 221--221
[][]\EU1/lmtt/m/n/10 Data[] []<-[] []\EU1/lmtt/b/n/10 list[][]\EU1/lmtt/m/n/10 
([][]mass[] []= y1000,[] []N[] []=[] []\EU1/lmtt/b/n/10 length[][]\EU1/lmtt/m/n
/10 (y1000),[] []mon.names[] []=[] []\EU1/lmtt/b/n/10 c[][]\EU1/lmtt/m/n/10 ([]
[]"LP"[][]),[] []parm.names[] []= parm.names)[][] 
 []


Overfull \hbox (85.5pt too wide) in paragraph at lines 229--229
[][]\EU1/lmtt/m/n/10 out[] []<-[] []\EU1/lmtt/b/n/10 LaplacesDemon[][]\EU1/lmtt
/m/n/10 (Model,[] []Data[] []= Data, Initial.Values,[] []Iterations[] []= ni,[]
 []Status[] []= st,[][] 
 []


Overfull \hbox (43.5pt too wide) in paragraph at lines 330--330
[]\EU1/lmtt/m/n/10 ## LaplacesDemon(Model = Model, Data = Data, Initial.Values 
= Initial.Values,[] 
 []


Overfull \hbox (17.25pt too wide) in paragraph at lines 330--330
[]\EU1/lmtt/m/n/10 ## population.mean0   239.16   39.27  14.56  7.461    86.407
   250.2   250.8[] 
 []


Overfull \hbox (10.25pt too wide) in paragraph at lines 330--330
[]\EU1/lmtt/m/n/10 ## population.sd0      18.86   28.52  11.47 12.477     9.633
    10.1   118.7[] 
 []


Overfull \hbox (20.75pt too wide) in paragraph at lines 330--330
[]\EU1/lmtt/m/n/10 ## Deviance          7955.58 1692.97 666.52 11.773  7444.874
  7446.4 13105.7[] 
 []


Overfull \hbox (13.75pt too wide) in paragraph at lines 330--330
[]\EU1/lmtt/m/n/10 ## LP               -3977.78  846.49 333.26 11.773 -6552.836
 -3723.2 -3722.4[] 
 []

[8] [9] [10]
Underfull \vbox (badness 10000) detected at line 335
 []


Underfull \vbox (badness 10000) detected at line 335
 []

[11]
File: figure/unnamed-chunk-4.pdf Graphic file (type QTm)
 <use  "figure/unnamed-chunk-4.pdf" >
Overfull \hbox (20.0pt too wide) in paragraph at lines 336--337
[][] 
 []

[12]
Package color Info: Redefining color shadecolor on input line 349.

! Missing $ inserted.
<inserted text> 
                $
l.361  mass_
            i =μ+ε_i ,    εi~Normal(0,σ^2)
I've inserted a begin-math/end-math symbol since I think
you left one out. Proceed, with fingers crossed.

LaTeX Font Info:    External font `cmex10' loaded for size
(Font)              <7> on input line 361.
LaTeX Font Info:    External font `cmex10' loaded for size
(Font)              <5> on input line 361.

LaTeX Warning: Command \nobreakspace invalid in math mode on input line 361.

Package color Info: Redefining color shadecolor on input line 363.
! Missing $ inserted.
<inserted text> 
                $
l.363 ....969, 0.969}\color{fgcolor}\begin{kframe}
                                                  
I've inserted a begin-math/end-math symbol since I think
you left one out. Proceed, with fingers crossed.

! Missing \endgroup inserted.
<inserted text> 
                \endgroup 
l.363 ....969, 0.969}\color{fgcolor}\begin{kframe}
                                                  
I've inserted something that you may have forgotten.
(See the <inserted text> above.)
With luck, this will get me unwedged. But if you
really didn't forget anything, try typing `2' now; then
my insertion and my current dilemma will both disappear.

! Missing \endgroup inserted.
<inserted text> 
                \endgroup 
l.363 ....969, 0.969}\color{fgcolor}\begin{kframe}
                                                  
I've inserted something that you may have forgotten.
(See the <inserted text> above.)
With luck, this will get me unwedged. But if you
really didn't forget anything, try typing `2' now; then
my insertion and my current dilemma will both disappear.

Missing character: There is no μ in font cmmi10!
Missing character: There is no ε in font cmmi10!
Missing character: There is no ε in font cmmi10!
Missing character: There is no σ in font cmmi10!
[13]
Missing character: There is no μ in font [lmmono10-italic]!
Missing character: There is no ε in font [lmmono10-italic]!
Missing character: There is no ε in font [lmmono10-italic]!
Missing character: There is no σ in font [lmmono10-italic]!

! Undefined control sequence.
\endkframe ...ip \endMakeFramed \at@end@of@kframe 
                                                  
l.391 \end{kframe}
                  
The control sequence at the end of the top line
of your error message was never \def'ed. If you have
misspelled it (e.g., `\hobx'), type `I' and the correct
spelling (e.g., `I\hbox'). Otherwise just continue,
and I'll forget about whatever was undefined.


! LaTeX Error: \begin{document} ended by \end{kframe}.

See the LaTeX manual or LaTeX Companion for explanation.
Type  H <return>  for immediate help.
 ...                                              
                                                  
l.391 \end{kframe}
                  
Your command was ignored.
Type  I <command> <return>  to replace it with another command,
or  <return>  to continue without it.

! Extra \endgroup.
<recently read> \endgroup 
                          
l.391 \end{kframe}
                  
Things are pretty mixed up, but I think the worst is over.


! LaTeX Error: \begin{document} ended by \end{knitrout}.

See the LaTeX manual or LaTeX Companion for explanation.
Type  H <return>  for immediate help.
 ...                                              
                                                  
l.392 \end{knitrout}
                    
Your command was ignored.
Type  I <command> <return>  to replace it with another command,
or  <return>  to continue without it.

! Extra \endgroup.
<recently read> \endgroup 
                          
l.392 \end{knitrout}
                    
Things are pretty mixed up, but I think the worst is over.

! Missing $ inserted.
<inserted text> 
                $
l.396  mass_
            i = α + β * region_i + ε_i; ε_i ~ Normal(0, σ^2)
I've inserted a begin-math/end-math symbol since I think
you left one out. Proceed, with fingers crossed.


LaTeX Warning: Command \nobreakspace invalid in math mode on input line 396.


LaTeX Warning: Command \nobreakspace invalid in math mode on input line 397.

! Missing $ inserted.
<inserted text> 
                $
l.398 
      
I've inserted a begin-math/end-math symbol since I think
you left one out. Proceed, with fingers crossed.

Missing character: There is no α in font cmmi10!
Missing character: There is no β in font cmmi10!
Missing character: There is no ε in font cmmi10!
Missing character: There is no ε in font cmmi10!
Missing character: There is no σ in font cmmi10!
Missing character: There is no α in font cmmi10!
Missing character: There is no β in font cmmi10!
Missing character: There is no σ in font cmmi10!
Missing character: There is no α in font [lmroman10-regular]:mapping=tex-text!
Missing character: There is no β in font [lmroman10-regular]:mapping=tex-text!
Missing character: There is no ε in font [lmroman10-regular]:mapping=tex-text!
Missing character: There is no ε in font [lmroman10-regular]:mapping=tex-text!
Missing character: There is no ε in font [lmroman10-regular]:mapping=tex-text!
Missing character: There is no ε in font [lmroman10-regular]:mapping=tex-text!
Missing character: There is no ε in font [lmroman10-regular]:mapping=tex-text!
Missing character: There is no ε in font [lmroman10-regular]:mapping=tex-text!
Package color Info: Redefining color shadecolor on input line 402.
Missing character: There is no α in font [lmmono10-italic]!
Missing character: There is no β in font [lmmono10-italic]!
Missing character: There is no ε in font [lmmono10-italic]!
Missing character: There is no ε in font [lmmono10-italic]!
Missing character: There is no σ in font [lmmono10-italic]!
Missing character: There is no α in font [lmmono10-italic]!
Missing character: There is no β in font [lmmono10-italic]!
Missing character: There is no σ in font [lmmono10-italic]!

Overfull \hbox (16.90002pt too wide) in paragraph at lines 457--457
[][]\EU1/lmtt/m/it/10 # mass_i =α+β*region_i+ε_i ε_i~Normal(0,σ^2) mass_i~
Normal(α+β*region,σ^2)[][] 
 []

Missing character: There is no α in font [lmmono10-italic]!
Missing character: There is no β in font [lmmono10-italic]!

Overfull \hbox (15.85pt too wide) in paragraph at lines 458--458
[][]\EU1/lmtt/m/it/10 # c(6, 8, 5, 7, 9, 11) = α * (1, 1, 1, 1, 1, 1) + β * f
actor(c(1,1,1,1,2,2))[][] 
 []

Missing character: There is no ε in font [lmmono10-italic]!
Missing character: There is no ε in font [lmmono10-italic]!
Missing character: There is no ε in font [lmmono10-italic]!
Missing character: There is no ε in font [lmmono10-italic]!
Missing character: There is no ε in font [lmmono10-italic]!
Missing character: There is no ε in font [lmmono10-italic]!
[14] [15] [16]
! Missing $ inserted.
<inserted text> 
                $
l.519  mass_
            i = α + β * svl_i + ε_i; ε_i ~ Normal(0, σ^2)
I've inserted a begin-math/end-math symbol since I think
you left one out. Proceed, with fingers crossed.


LaTeX Warning: Command \nobreakspace invalid in math mode on input line 519.


LaTeX Warning: Command \nobreakspace invalid in math mode on input line 520.

Package color Info: Redefining color shadecolor on input line 522.
! Missing $ inserted.
<inserted text> 
                $
l.522 ....969, 0.969}\color{fgcolor}\begin{kframe}
                                                  
I've inserted a begin-math/end-math symbol since I think
you left one out. Proceed, with fingers crossed.

! Missing \endgroup inserted.
<inserted text> 
                \endgroup 
l.522 ....969, 0.969}\color{fgcolor}\begin{kframe}
                                                  
I've inserted something that you may have forgotten.
(See the <inserted text> above.)
With luck, this will get me unwedged. But if you
really didn't forget anything, try typing `2' now; then
my insertion and my current dilemma will both disappear.

! Missing \endgroup inserted.
<inserted text> 
                \endgroup 
l.522 ....969, 0.969}\color{fgcolor}\begin{kframe}
                                                  
I've inserted something that you may have forgotten.
(See the <inserted text> above.)
With luck, this will get me unwedged. But if you
really didn't forget anything, try typing `2' now; then
my insertion and my current dilemma will both disappear.

Missing character: There is no α in font cmmi10!
Missing character: There is no β in font cmmi10!
Missing character: There is no ε in font cmmi10!
Missing character: There is no ε in font cmmi10!
Missing character: There is no σ in font cmmi10!
Missing character: There is no α in font cmmi10!
Missing character: There is no β in font cmmi10!
Missing character: There is no σ in font cmmi10!
[17]
! Undefined control sequence.
\endkframe ...ip \endMakeFramed \at@end@of@kframe 
                                                  
l.576 \end{kframe}
                  
The control sequence at the end of the top line
of your error message was never \def'ed. If you have
misspelled it (e.g., `\hobx'), type `I' and the correct
spelling (e.g., `I\hbox'). Otherwise just continue,
and I'll forget about whatever was undefined.


! LaTeX Error: \begin{document} ended by \end{kframe}.

See the LaTeX manual or LaTeX Companion for explanation.
Type  H <return>  for immediate help.
 ...                                              
                                                  
l.576 \end{kframe}
                  
Your command was ignored.
Type  I <command> <return>  to replace it with another command,
or  <return>  to continue without it.

! Extra \endgroup.
<recently read> \endgroup 
                          
l.576 \end{kframe}
                  
Things are pretty mixed up, but I think the worst is over.


! LaTeX Error: \begin{document} ended by \end{knitrout}.

See the LaTeX manual or LaTeX Companion for explanation.
Type  H <return>  for immediate help.
 ...                                              
                                                  
l.577 \end{knitrout}
                    
Your command was ignored.
Type  I <command> <return>  to replace it with another command,
or  <return>  to continue without it.

! Extra \endgroup.
<recently read> \endgroup 
                          
l.577 \end{knitrout}
                    
Things are pretty mixed up, but I think the worst is over.

Missing character: There is no β in font [lmroman10-regular]:mapping=tex-text!
! Missing $ inserted.
<inserted text> 
                $
l.582  β.j_
            i是第j组pop以及第i个个体的参数。
I've inserted a begin-math/end-math symbol since I think
you left one out. Proceed, with fingers crossed.


LaTeX Warning: Command \nobreakspace invalid in math mode on input line 583.


LaTeX Warning: Command \nobreakspace invalid in math mode on input line 584.

! Missing $ inserted.
<inserted text> 
                $
l.585 
      
I've inserted a begin-math/end-math symbol since I think
you left one out. Proceed, with fingers crossed.

Missing character: There is no 是 in font [lmroman10-regular]:mapping=tex-text
!
Missing character: There is no 第 in font [lmroman10-regular]:mapping=tex-text
!
Missing character: There is no 组 in font [lmroman10-regular]:mapping=tex-text
!
Missing character: There is no 以 in font [lmroman10-regular]:mapping=tex-text
!
Missing character: There is no 及 in font [lmroman10-regular]:mapping=tex-text
!
Missing character: There is no 第 in font [lmroman10-regular]:mapping=tex-text
!
Missing character: There is no 个 in font [lmroman10-regular]:mapping=tex-text
!
Missing character: There is no 个 in font [lmroman10-regular]:mapping=tex-text
!
Missing character: There is no 体 in font [lmroman10-regular]:mapping=tex-text
!
Missing character: There is no 的 in font [lmroman10-regular]:mapping=tex-text
!
Missing character: There is no 参 in font [lmroman10-regular]:mapping=tex-text
!
Missing character: There is no 数 in font [lmroman10-regular]:mapping=tex-text
!
Missing character: There is no 。 in font [lmroman10-regular]:mapping=tex-text
!
Missing character: There is no α in font cmmi10!
Missing character: There is no β in font cmmi10!
Missing character: There is no ε in font cmmi10!
Missing character: There is no ε in font cmmi10!
Missing character: There is no σ in font cmmi10!
Missing character: There is no α in font cmmi10!
Missing character: There is no β in font cmmi10!
Missing character: There is no σ in font cmmi10!
Package color Info: Redefining color shadecolor on input line 591.
[18] [19]
! Missing $ inserted.
<inserted text> 
                $
l.660 mass_
           i = α + β_j.i * region_i + δ_k.i * hab_i + ε_i;
I've inserted a begin-math/end-math symbol since I think
you left one out. Proceed, with fingers crossed.


LaTeX Warning: Command \nobreakspace invalid in math mode on input line 661.

! Missing $ inserted.
<inserted text> 
                $
l.662 
      
I've inserted a begin-math/end-math symbol since I think
you left one out. Proceed, with fingers crossed.

Missing character: There is no α in font cmmi10!
Missing character: There is no β in font cmmi10!
Missing character: There is no δ in font cmmi10!
Missing character: There is no ε in font cmmi10!
Missing character: There is no ε in font cmmi10!
Missing character: There is no σ in font cmmi10!
! Missing $ inserted.
<inserted text> 
                $
l.664 mass_
           i = α + β_j.i * region_i + δ_k.i * hab_i
I've inserted a begin-math/end-math symbol since I think
you left one out. Proceed, with fingers crossed.


LaTeX Warning: Command \nobreakspace invalid in math mode on input line 666.

! Missing $ inserted.
<inserted text> 
                $
l.667 
      
I've inserted a begin-math/end-math symbol since I think
you left one out. Proceed, with fingers crossed.

Missing character: There is no α in font cmmi10!
Missing character: There is no β in font cmmi10!
Missing character: There is no δ in font cmmi10!
Missing character: There is no γ in font cmmi10!
Missing character: There is no ε in font cmmi10!
Missing character: There is no ε in font cmmi10!
Missing character: There is no σ in font cmmi10!
! Missing $ inserted.
<inserted text> 
                $
l.669 mass_
           i = α_j.k.i * region_i * hab_i + ε_i;
I've inserted a begin-math/end-math symbol since I think
you left one out. Proceed, with fingers crossed.


LaTeX Warning: Command \nobreakspace invalid in math mode on input line 670.

! Missing $ inserted.
<inserted text> 
                $
l.671 
      
I've inserted a begin-math/end-math symbol since I think
you left one out. Proceed, with fingers crossed.

Missing character: There is no α in font cmmi10!
Missing character: There is no ε in font cmmi10!
Missing character: There is no ε in font cmmi10!
Missing character: There is no σ in font cmmi10!
Package color Info: Redefining color shadecolor on input line 673.

Overfull \hbox (12.0pt too wide) in paragraph at lines 755--755
[]\EU1/lmtt/m/n/10 ## region1:hab1  region2:hab1  region1:hab2  region2:hab2  r
egion1:hab3[] 
 []


Overfull \hbox (5.0pt too wide) in paragraph at lines 782--782
[]\EU1/lmtt/m/n/10 ##   region1:hab1 region2:hab1 region1:hab2 region2:hab2 reg
ion1:hab3[] 
 []

[20] [21] [22]
Package color Info: Redefining color shadecolor on input line 790.

Overfull \hbox (17.25pt too wide) in paragraph at lines 823--823
[][]\EU1/lmtt/b/n/10 plot[][]\EU1/lmtt/m/n/10 (svl, mass,[] []col[] []=[] []\EU
1/lmtt/b/n/10 c[][]\EU1/lmtt/m/n/10 ([][]\EU1/lmtt/b/n/10 rep[][]\EU1/lmtt/m/n/
10 ([][]"red"[][],[] []2[][]),[] []\EU1/lmtt/b/n/10 rep[][]\EU1/lmtt/m/n/10 ([]
[]"blue"[][],[] []2[][]),[] []\EU1/lmtt/b/n/10 rep[][]\EU1/lmtt/m/n/10 ([][]"gr
een"[][],[] []2[][])))[][] 
 []

File: figure/unnamed-chunk-111.pdf Graphic file (type QTm)
<use  "figure/unnamed-chunk-111.pdf" >
Overfull \hbox (20.0pt too wide) in paragraph at lines 829--830
[][] 
 []

[23]
Overfull \hbox (17.25pt too wide) in paragraph at lines 864--864
[][]\EU1/lmtt/b/n/10 plot[][]\EU1/lmtt/m/n/10 (svl, mass,[] []col[] []=[] []\EU
1/lmtt/b/n/10 c[][]\EU1/lmtt/m/n/10 ([][]\EU1/lmtt/b/n/10 rep[][]\EU1/lmtt/m/n/
10 ([][]"red"[][],[] []2[][]),[] []\EU1/lmtt/b/n/10 rep[][]\EU1/lmtt/m/n/10 ([]
[]"blue"[][],[] []2[][]),[] []\EU1/lmtt/b/n/10 rep[][]\EU1/lmtt/m/n/10 ([][]"gr
een"[][],[] []2[][])))[][] 
 []


Overfull \hbox (8.5pt too wide) in paragraph at lines 866--866
[][]\EU1/lmtt/b/n/10 abline[][]\EU1/lmtt/m/n/10 (fm[][]$[][]coef[[][]1[][]][] [
]+[] []fm[][]$[][]coef[[][]2[][]], fm[][]$[][]coef[[][]4[][]][] []+[] []fm[][]$
[][]coef[[][]5[][]],[] []col[] []=[] []"blue"[][])[][] 
 []


Overfull \hbox (13.75pt too wide) in paragraph at lines 867--867
[][]\EU1/lmtt/b/n/10 abline[][]\EU1/lmtt/m/n/10 (fm[][]$[][]coef[[][]1[][]][] [
]+[] []fm[][]$[][]coef[[][]3[][]], fm[][]$[][]coef[[][]4[][]][] []+[] []fm[][]$
[][]coef[[][]6[][]],[] []col[] []=[] []"green"[][])[][] 
 []

[24]
File: figure/unnamed-chunk-112.pdf Graphic file (type QTm)
 <use  "figure/unnamed-chunk-112.pdf" >
Overfull \hbox (20.0pt too wide) in paragraph at lines 870--871
[][] 
 []

[25]
Overfull \hbox (17.25pt too wide) in paragraph at lines 903--903
[][]\EU1/lmtt/b/n/10 plot[][]\EU1/lmtt/m/n/10 (svl, mass,[] []col[] []=[] []\EU
1/lmtt/b/n/10 c[][]\EU1/lmtt/m/n/10 ([][]\EU1/lmtt/b/n/10 rep[][]\EU1/lmtt/m/n/
10 ([][]"red"[][],[] []2[][]),[] []\EU1/lmtt/b/n/10 rep[][]\EU1/lmtt/m/n/10 ([]
[]"blue"[][],[] []2[][]),[] []\EU1/lmtt/b/n/10 rep[][]\EU1/lmtt/m/n/10 ([][]"gr
een"[][],[] []2[][])))[][] 
 []

[26]
File: figure/unnamed-chunk-113.pdf Graphic file (type QTm)
 <use  "figure/unnamed-chunk-113.pdf" >
Overfull \hbox (20.0pt too wide) in paragraph at lines 909--910
[][] 
 []

[27]
Overfull \hbox (17.25pt too wide) in paragraph at lines 942--942
[][]\EU1/lmtt/b/n/10 plot[][]\EU1/lmtt/m/n/10 (svl, mass,[] []col[] []=[] []\EU
1/lmtt/b/n/10 c[][]\EU1/lmtt/m/n/10 ([][]\EU1/lmtt/b/n/10 rep[][]\EU1/lmtt/m/n/
10 ([][]"red"[][],[] []2[][]),[] []\EU1/lmtt/b/n/10 rep[][]\EU1/lmtt/m/n/10 ([]
[]"blue"[][],[] []2[][]),[] []\EU1/lmtt/b/n/10 rep[][]\EU1/lmtt/m/n/10 ([][]"gr
een"[][],[] []2[][])))[][] 
 []

[28]
File: figure/unnamed-chunk-114.pdf Graphic file (type QTm)
 <use  "figure/unnamed-chunk-114.pdf" >
Overfull \hbox (20.0pt too wide) in paragraph at lines 948--949
[][] 
 []

[29]
Package color Info: Redefining color shadecolor on input line 957.

Overfull \hbox (27.75pt too wide) in paragraph at lines 971--971
[][]\EU1/lmtt/b/n/10 boxplot[][]\EU1/lmtt/m/n/10 (y[] []~[] []x,[] []col[] []=[
] []"grey"[][],[] []xlab[] []=[] []"Male"[][],[] []ylab[] []=[] []"Wingspan (cm
)"[][],[] []las[] []=[] []1[][])[][] 
 []

[30]
File: figure/unnamed-chunk-121.pdf Graphic file (type QTm)
 <use  "figure/unnamed-chunk-121.pdf" >
Overfull \hbox (20.0pt too wide) in paragraph at lines 974--975
[][] 
 []


Overfull \hbox (48.75pt too wide) in paragraph at lines 982--982
[][]\EU1/lmtt/b/n/10 boxplot[][]\EU1/lmtt/m/n/10 (y.obs[] []~[] []x,[] []col[] 
[]=[] []"grey"[][],[] []xlab[] []=[] []"Male"[][],[] []ylab[] []=[] []"Wingspan
 (cm)"[][],[] []las[] []=[] []1[][])[][] 
 []

File: figure/unnamed-chunk-122.pdf Graphic file (type QTm)
<use  "figure/unnamed-chunk-122.pdf" >
Overfull \hbox (20.0pt too wide) in paragraph at lines 985--986
[][] 
 []

[31] [32] [33] [34]
Underfull \vbox (badness 10000) detected at line 1279
 []


Underfull \vbox (badness 10000) detected at line 1279
 []

[35]
Underfull \vbox (badness 10000) detected at line 1279
 []


Underfull \vbox (badness 10000) detected at line 1279
 []

[36] [37]
Underfull \vbox (badness 10000) detected at line 1279
 []


Underfull \vbox (badness 10000) detected at line 1279
 []

[38]
Underfull \vbox (badness 10000) detected at line 1279
 []


Underfull \vbox (badness 10000) detected at line 1279
 []

[39]
Package color Info: Redefining color shadecolor on input line 1290.

Overfull \hbox (55.75pt too wide) in paragraph at lines 1294--1294
[][]\EU1/lmtt/m/it/10 ##################################################### dat
a ~~~~~~~~~~~~~~~~~~[][] 
 []


Overfull \hbox (48.75pt too wide) in paragraph at lines 1307--1307
[][]\EU1/lmtt/b/n/10 boxplot[][]\EU1/lmtt/m/n/10 (y.obs[] []~[] []x,[] []col[] 
[]=[] []"grey"[][],[] []xlab[] []=[] []"Male"[][],[] []ylab[] []=[] []"Wingspan
 (cm)"[][],[] []las[] []=[] []1[][])[][] 
 []

File: figure/unnamed-chunk-131.pdf Graphic file (type QTm)
<use  "figure/unnamed-chunk-131.pdf" >
Overfull \hbox (20.0pt too wide) in paragraph at lines 1310--1311
[][] 
 []

[40]
Overfull \hbox (38.25pt too wide) in paragraph at lines 1319--1319
[][]\EU1/lmtt/m/n/10 Data[] []<-[] []MyData[] []<-[] []\EU1/lmtt/b/n/10 list[][
]\EU1/lmtt/m/n/10 ([][]N[] []= n,[] []mon.names[] []= mon.names,[] []parm.names
[] []= parm.names,[][] 
 []


Overfull \hbox (73.25pt too wide) in paragraph at lines 1336--1336
[]    []\EU1/lmtt/m/n/10 Modelout[] []<-[] []\EU1/lmtt/b/n/10 list[][]\EU1/lmtt
/m/n/10 ([][]LP[] []= LP,[] []Dev[] []=[] []-[][]2[] []*[] []LL,[] []Monitor[] 
[]=[] []\EU1/lmtt/b/n/10 c[][]\EU1/lmtt/m/n/10 (LP),[] []yhat[] []=[] []\EU1/lm
tt/b/n/10 rnorm[][]\EU1/lmtt/m/n/10 ([][]\EU1/lmtt/b/n/10 length[][]\EU1/lmtt/m
/n/10 (mu),[][] 
 []


Overfull \hbox (6.75pt too wide) in paragraph at lines 1341--1341
[][]\EU1/lmtt/m/n/10 parm[] []<-[] []Initial.Values[] []<-[] []\EU1/lmtt/b/n/10
 c[][]\EU1/lmtt/m/n/10 ([][]alpha_11[] []=[] []100[][],[] []beta_11[] []=[] []2
0[][],[] []sigma_11[] []=[] []1[][])[][] 
 []


Overfull \hbox (33.0pt too wide) in paragraph at lines 1347--1347
[][]\EU1/lmtt/m/n/10 out[] []<-[] []\EU1/lmtt/b/n/10 LaplacesDemon[][]\EU1/lmtt
/m/n/10 (Model,[] []Data[] []= MyData, Initial.Values,[] []Iterations[] []= ni,
[][] 
 []


Overfull \hbox (12.0pt too wide) in paragraph at lines 1356--1356
[]\EU1/lmtt/m/n/10 ## WARNING: The length of Initial Values differed from Data$
parm.names.[] 
 []


Overfull \hbox (43.5pt too wide) in paragraph at lines 1437--1437
[]\EU1/lmtt/m/n/10 ## LaplacesDemon(Model = Model, Data = Data, Initial.Values 
= Initial.Values,[] 
 []


Overfull \hbox (17.25pt too wide) in paragraph at lines 1437--1437
[]\EU1/lmtt/m/n/10 ## population.mean0   239.16   39.27  14.56  7.461    86.407
   250.2   250.8[] 
 []


Overfull \hbox (10.25pt too wide) in paragraph at lines 1437--1437
[]\EU1/lmtt/m/n/10 ## population.sd0      18.86   28.52  11.47 12.477     9.633
    10.1   118.7[] 
 []


Overfull \hbox (20.75pt too wide) in paragraph at lines 1437--1437
[]\EU1/lmtt/m/n/10 ## Deviance          7955.58 1692.97 666.52 11.773  7444.874
  7446.4 13105.7[] 
 []


Overfull \hbox (13.75pt too wide) in paragraph at lines 1437--1437
[]\EU1/lmtt/m/n/10 ## LP               -3977.78  846.49 333.26 11.773 -6552.836
 -3723.2 -3722.4[] 
 []

! Dimension too large.
\fb@put@frame ...p \ifdim \dimen@ >\ht \@tempboxa 
                                                  \fb@putboxa #1\fb@afterfra...
l.1442 \end{kframe}
                   
I can't work with sizes bigger than about 19 feet.
Continue and I'll use the largest value I can.

[41]
! Dimension too large.
\fb@put@frame ...p \ifdim \dimen@ >\ht \@tempboxa 
                                                  \fb@putboxa #1\fb@afterfra...
l.1442 \end{kframe}
                   
I can't work with sizes bigger than about 19 feet.
Continue and I'll use the largest value I can.

[42]
! Dimension too large.
\fb@put@frame ...p \ifdim \dimen@ >\ht \@tempboxa 
                                                  \fb@putboxa #1\fb@afterfra...
l.1442 \end{kframe}
                   
I can't work with sizes bigger than about 19 feet.
Continue and I'll use the largest value I can.


Underfull \vbox (badness 10000) detected at line 1442
 []


Underfull \vbox (badness 10000) detected at line 1442
 []

[43]
Underfull \vbox (badness 10000) detected at line 1442
 []


Underfull \vbox (badness 10000) detected at line 1442
 []

[44]
Underfull \vbox (badness 10000) detected at line 1442
 []


Underfull \vbox (badness 10000) detected at line 1442
 []

[45]
Underfull \vbox (badness 10000) detected at line 1442
 []


Underfull \vbox (badness 10000) detected at line 1442
 []

[46]
Underfull \vbox (badness 10000) detected at line 1442
 []


Underfull \vbox (badness 10000) detected at line 1442
 []

[47]
Underfull \vbox (badness 10000) detected at line 1442
 []


Underfull \vbox (badness 10000) detected at line 1442
 []

[48]
Underfull \vbox (badness 10000) detected at line 1442
 []


Underfull \vbox (badness 10000) detected at line 1442
 []

[49]
Underfull \vbox (badness 10000) detected at line 1442
 []


Underfull \vbox (badness 10000) detected at line 1442
 []

[50]
Underfull \vbox (badness 10000) detected at line 1442
 []


Underfull \vbox (badness 10000) detected at line 1442
 []

[51]
Underfull \vbox (badness 10000) detected at line 1442
 []


Underfull \vbox (badness 10000) detected at line 1442
 []

[52]
Underfull \vbox (badness 10000) detected at line 1442
 []


Underfull \vbox (badness 10000) detected at line 1442
 []

[53]
Underfull \vbox (badness 10000) detected at line 1442
 []


Underfull \vbox (badness 10000) detected at line 1442
 []

[54]
Underfull \vbox (badness 10000) detected at line 1442
 []


Underfull \vbox (badness 10000) detected at line 1442
 []

[55]
Underfull \vbox (badness 10000) detected at line 1442
 []


Underfull \vbox (badness 10000) detected at line 1442
 []

[56]
Underfull \vbox (badness 10000) detected at line 1442
 []


Underfull \vbox (badness 10000) detected at line 1442
 []

[57]
Underfull \vbox (badness 10000) detected at line 1442
 []


Underfull \vbox (badness 10000) detected at line 1442
 []

[58]
Underfull \vbox (badness 10000) detected at line 1442
 []


Underfull \vbox (badness 10000) detected at line 1442
 []

[59]
Underfull \vbox (badness 10000) detected at line 1442
 []


Underfull \vbox (badness 10000) detected at line 1442
 []

[60]
Underfull \vbox (badness 10000) detected at line 1442
 []


Underfull \vbox (badness 10000) detected at line 1442
 []

[61]
Underfull \vbox (badness 10000) detected at line 1442
 []


Underfull \vbox (badness 10000) detected at line 1442
 []

[62]
Underfull \vbox (badness 10000) detected at line 1442
 []


Underfull \vbox (badness 10000) detected at line 1442
 []

[63]
Underfull \vbox (badness 10000) detected at line 1442
 []


Underfull \vbox (badness 10000) detected at line 1442
 []

[64]
Underfull \vbox (badness 10000) detected at line 1442
 []


Underfull \vbox (badness 10000) detected at line 1442
 []

[65]
Underfull \vbox (badness 10000) detected at line 1442
 []


Underfull \vbox (badness 10000) detected at line 1442
 []

[66]
Underfull \vbox (badness 10000) detected at line 1442
 []


Underfull \vbox (badness 10000) detected at line 1442
 []

[67]
Underfull \vbox (badness 10000) detected at line 1442
 []


Underfull \vbox (badness 10000) detected at line 1442
 []

[68]
Underfull \vbox (badness 10000) detected at line 1442
 []


Underfull \vbox (badness 10000) detected at line 1442
 []

[69]
Underfull \vbox (badness 10000) detected at line 1442
 []


Underfull \vbox (badness 10000) detected at line 1442
 []

[70] [71]
Underfull \vbox (badness 10000) detected at line 1442
 []


Underfull \vbox (badness 10000) detected at line 1442
 []

[72]
File: figure/unnamed-chunk-132.pdf Graphic file (type QTm)
 <use  "figure/unnamed-chunk-132.pdf" >
Overfull \hbox (20.0pt too wide) in paragraph at lines 1443--1444
[][] 
 []

[73]
File: figure/unnamed-chunk-133.pdf Graphic file (type QTm)
 <use  "figure/unnamed-chunk-133.pdf" >
Overfull \hbox (20.0pt too wide) in paragraph at lines 1445--1446
[][] 
 []

[74] [75] (F:\GitHub\bayesian00\mustLearnBayesian.aux) ) 
Here is how much of TeX's memory you used:
 14826 strings out of 430478
 312718 string characters out of 3191503
 404715 words of memory out of 3000000
 17791 multiletter control sequences out of 15000+200000
 3760 words of font info for 29 fonts, out of 3000000 for 9000
 14 hyphenation exceptions out of 8191
 54i,6n,77p,28163b,285s stack positions out of 5000i,500n,10000p,200000b,50000s

Output written on mustLearnBayesian.pdf (75 pages).
